Started GET "/articles/new" for ::1 at 2022-02-03 11:07:53 -0500
  [1m[35m (17.0ms)[0m  [1m[34mSELECT sqlite_version(*)[0m
  [1m[36mActiveRecord::SchemaMigration Pluck (0.5ms)[0m  [1m[34mSELECT "schema_migrations"."version" FROM "schema_migrations" ORDER BY "schema_migrations"."version" ASC[0m
  
ActionController::RoutingError (No route matches [GET] "/articles/new"):
  
Started GET "/" for ::1 at 2022-02-03 11:26:29 -0500
Processing by ArticlesController#index as HTML
  Rendering layout layouts/application.html.erb
  Rendering articles/index.html.erb within layouts/application
  [1m[35m (0.1ms)[0m  [1m[34mSELECT sqlite_version(*)[0m
  ↳ app/views/articles/index.html.erb:4
  [1m[36mArticle Load (0.7ms)[0m  [1m[34mSELECT "articles".* FROM "articles"[0m
  ↳ app/views/articles/index.html.erb:4
  Rendered articles/index.html.erb within layouts/application (Duration: 61.6ms | Allocations: 11913)
  Rendered layout layouts/application.html.erb (Duration: 64.5ms | Allocations: 12018)
Completed 500 Internal Server Error in 184ms (ActiveRecord: 3.8ms | Allocations: 15524)


  
ActionView::Template::Error (undefined method `article_path' for #<ActionView::Base:0x0000000000a618>

              target.public_send(method, *args)
                    ^^^^^^^^^^^^):
    3: <ul>
    4:   <% @articles.each do |article| %>
    5:     <li>
    6:       <%= link_to article.title, article %>
    7:     </li>
    8:   <% end %>
    9: </ul>
  
app/views/articles/index.html.erb:6
app/views/articles/index.html.erb:4
Started GET "/" for ::1 at 2022-02-03 11:29:22 -0500
Processing by ArticlesController#index as HTML
  Rendering layout layouts/application.html.erb
  Rendering articles/index.html.erb within layouts/application
  [1m[36mArticle Load (1.0ms)[0m  [1m[34mSELECT "articles".* FROM "articles"[0m
  ↳ app/views/articles/index.html.erb:4
  Rendered articles/index.html.erb within layouts/application (Duration: 25.9ms | Allocations: 7385)
  Rendered layout layouts/application.html.erb (Duration: 27.4ms | Allocations: 7480)
Completed 500 Internal Server Error in 48ms (ActiveRecord: 1.0ms | Allocations: 8291)


  
ActionView::Template::Error (undefined method `article_path' for #<ActionView::Base:0x0000000000aa00>

              target.public_send(method, *args)
                    ^^^^^^^^^^^^):
    3: <ul>
    4:   <% @articles.each do |article| %>
    5:     <li>
    6:       <%= link_to article.title, article %>
    7:     </li>
    8:   <% end %>
    9: </ul>
  
app/views/articles/index.html.erb:6
app/views/articles/index.html.erb:4
Started GET "/articles/new" for ::1 at 2022-02-03 11:30:24 -0500
  
ActionController::RoutingError (No route matches [GET] "/articles/new"):
  
Started GET "/articles/new" for ::1 at 2022-02-03 12:05:24 -0500
  
ActionController::RoutingError (No route matches [GET] "/articles/new"):
  
Started GET "/articles/new" for ::1 at 2022-02-03 13:51:42 -0500
  
ActionController::RoutingError (No route matches [GET] "/articles/new"):
  
Started GET "/articles/new" for ::1 at 2022-02-03 14:12:11 -0500
  
ActionController::RoutingError (No route matches [GET] "/articles/new"):
  
Started GET "/articles/" for ::1 at 2022-02-03 14:12:33 -0500
  
ActionController::RoutingError (No route matches [GET] "/articles"):
  
Started GET "/articles" for ::1 at 2022-02-03 14:12:38 -0500
  
ActionController::RoutingError (No route matches [GET] "/articles"):
  
Started GET "/" for ::1 at 2022-02-03 14:12:44 -0500
Processing by ArticlesController#index as HTML
  Rendering layout layouts/application.html.erb
  Rendering articles/index.html.erb within layouts/application
  [1m[35m (0.1ms)[0m  [1m[34mSELECT sqlite_version(*)[0m
  ↳ app/views/articles/index.html.erb:4
  [1m[36mArticle Load (1.1ms)[0m  [1m[34mSELECT "articles".* FROM "articles"[0m
  ↳ app/views/articles/index.html.erb:4
  Rendered articles/index.html.erb within layouts/application (Duration: 87.2ms | Allocations: 9521)
  Rendered layout layouts/application.html.erb (Duration: 90.2ms | Allocations: 9615)
Completed 500 Internal Server Error in 153ms (ActiveRecord: 6.0ms | Allocations: 11340)


  
ActionView::Template::Error (undefined method `article_path' for #<ActionView::Base:0x00000000012cf0>

              target.public_send(method, *args)
                    ^^^^^^^^^^^^):
    3: <ul>
    4:   <% @articles.each do |article| %>
    5:     <li>
    6:       <%= link_to article.title, article %>
    7:     </li>
    8:   <% end %>
    9: </ul>
  
app/views/articles/index.html.erb:6
app/views/articles/index.html.erb:4
Started GET "/" for ::1 at 2022-02-03 14:13:40 -0500
Processing by ArticlesController#index as HTML
  Rendering layout layouts/application.html.erb
  Rendering articles/index.html.erb within layouts/application
  [1m[36mArticle Load (0.6ms)[0m  [1m[34mSELECT "articles".* FROM "articles"[0m
  ↳ app/views/articles/index.html.erb:4
  Rendered articles/index.html.erb within layouts/application (Duration: 22.5ms | Allocations: 7403)
  Rendered layout layouts/application.html.erb (Duration: 27.1ms | Allocations: 7497)
Completed 500 Internal Server Error in 49ms (ActiveRecord: 0.6ms | Allocations: 8298)


  
ActionView::Template::Error (undefined method `article_path' for #<ActionView::Base:0x00000000013038>

              target.public_send(method, *args)
                    ^^^^^^^^^^^^):
    3: <ul>
    4:   <% @articles.each do |article| %>
    5:     <li>
    6:       <%= link_to article.title, article %>
    7:     </li>
    8:   <% end %>
    9: </ul>
  
app/views/articles/index.html.erb:6
app/views/articles/index.html.erb:4
Started GET "/" for ::1 at 2022-02-03 14:13:44 -0500
Processing by ArticlesController#index as HTML
  Rendering layout layouts/application.html.erb
  Rendering articles/index.html.erb within layouts/application
  [1m[36mArticle Load (0.8ms)[0m  [1m[34mSELECT "articles".* FROM "articles"[0m
  ↳ app/views/articles/index.html.erb:4
  Rendered articles/index.html.erb within layouts/application (Duration: 29.0ms | Allocations: 7058)
  Rendered layout layouts/application.html.erb (Duration: 31.4ms | Allocations: 7146)
Completed 500 Internal Server Error in 37ms (ActiveRecord: 0.8ms | Allocations: 7435)


  
ActionView::Template::Error (undefined method `article_path' for #<ActionView::Base:0x00000000013380>

              target.public_send(method, *args)
                    ^^^^^^^^^^^^):
    3: <ul>
    4:   <% @articles.each do |article| %>
    5:     <li>
    6:       <%= link_to article.title, article %>
    7:     </li>
    8:   <% end %>
    9: </ul>
  
app/views/articles/index.html.erb:6
app/views/articles/index.html.erb:4
Started GET "/articles/new" for ::1 at 2022-02-03 14:20:10 -0500
  [1m[35m (28.1ms)[0m  [1m[34mSELECT sqlite_version(*)[0m
  [1m[36mActiveRecord::SchemaMigration Pluck (0.9ms)[0m  [1m[34mSELECT "schema_migrations"."version" FROM "schema_migrations" ORDER BY "schema_migrations"."version" ASC[0m
  
ActionController::RoutingError (No route matches [GET] "/articles/new"):
  
Started GET "/articles/new" for ::1 at 2022-02-03 14:22:52 -0500
Processing by ArticlesController#new as HTML
  [1m[35m (0.1ms)[0m  [1m[34mSELECT sqlite_version(*)[0m
  ↳ app/controllers/articles_controller.rb:11:in `new'
  Rendering layout layouts/application.html.erb
  Rendering articles/new.html.erb within layouts/application
  Rendered articles/new.html.erb within layouts/application (Duration: 199.8ms | Allocations: 8560)
  Rendered layout layouts/application.html.erb (Duration: 1420.8ms | Allocations: 78186)
Completed 500 Internal Server Error in 1567ms (ActiveRecord: 3.0ms | Allocations: 85281)


  
ActionView::Template::Error (Permission denied @ rb_file_s_rename - (C:/Users/thisg/Desktop/MyCoding/Ruby/Elys_Blog/tmp/cache/assets/sprockets/v4.0.0/1l/1lDvnMJcEIpdXU1IV5RcLvl6zNBDQwmviVYwDjt_YqE.cache.30820.19084.345148, C:/Users/thisg/Desktop/MyCoding/Ruby/Elys_Blog/tmp/cache/assets/sprockets/v4.0.0/1l/1lDvnMJcEIpdXU1IV5RcLvl6zNBDQwmviVYwDjt_YqE.cache)):
  
sprockets (4.0.2) lib/sprockets/path_utils.rb:362:in `rename'
sprockets (4.0.2) lib/sprockets/path_utils.rb:362:in `atomic_write'
sprockets (4.0.2) lib/sprockets/cache/file_store.rb:112:in `set'
sprockets (4.0.2) lib/sprockets/cache.rb:227:in `set'
sprockets (4.0.2) lib/sprockets/cache.rb:93:in `fetch'
sprockets (4.0.2) lib/sprockets/base.rb:71:in `file_digest'
sprockets (4.0.2) lib/sprockets.rb:210:in `block in <module:Sprockets>'
sprockets (4.0.2) lib/sprockets/dependencies.rb:68:in `resolve_dependency'
sprockets (4.0.2) lib/sprockets/cached_environment.rb:54:in `resolve_dependency'
sprockets (4.0.2) lib/sprockets/loader.rb:288:in `block in resolve_dependencies'
C:/Ruby31-x64/lib/ruby/3.1.0/set.rb:511:in `each_key'
C:/Ruby31-x64/lib/ruby/3.1.0/set.rb:511:in `each'
sprockets (4.0.2) lib/sprockets/loader.rb:288:in `map'
sprockets (4.0.2) lib/sprockets/loader.rb:288:in `resolve_dependencies'
sprockets (4.0.2) lib/sprockets/loader.rb:220:in `load_from_unloaded'
sprockets (4.0.2) lib/sprockets/loader.rb:59:in `block in load'
sprockets (4.0.2) lib/sprockets/loader.rb:337:in `fetch_asset_from_dependency_cache'
sprockets (4.0.2) lib/sprockets/loader.rb:43:in `load'
sprockets (4.0.2) lib/sprockets/cached_environment.rb:44:in `load'
sprockets (4.0.2) lib/sprockets/bundle.rb:27:in `call'
sprockets (4.0.2) lib/sprockets/processor_utils.rb:84:in `call_processor'
sprockets (4.0.2) lib/sprockets/processor_utils.rb:66:in `block in call_processors'
sprockets (4.0.2) lib/sprockets/processor_utils.rb:65:in `reverse_each'
sprockets (4.0.2) lib/sprockets/processor_utils.rb:65:in `call_processors'
sprockets (4.0.2) lib/sprockets/loader.rb:182:in `load_from_unloaded'
sprockets (4.0.2) lib/sprockets/loader.rb:59:in `block in load'
sprockets (4.0.2) lib/sprockets/loader.rb:337:in `fetch_asset_from_dependency_cache'
sprockets (4.0.2) lib/sprockets/loader.rb:43:in `load'
sprockets (4.0.2) lib/sprockets/cached_environment.rb:44:in `load'
sprockets (4.0.2) lib/sprockets/base.rb:81:in `find_asset'
sprockets (4.0.2) lib/sprockets/base.rb:88:in `find_all_linked_assets'
sprockets (4.0.2) lib/sprockets/manifest.rb:125:in `block (2 levels) in find'
concurrent-ruby (1.1.9) lib/concurrent-ruby/concurrent/executor/safe_task_executor.rb:24:in `block in execute'
concurrent-ruby (1.1.9) lib/concurrent-ruby/concurrent/synchronization/mutex_lockable_object.rb:47:in `block in synchronize'
concurrent-ruby (1.1.9) lib/concurrent-ruby/concurrent/synchronization/mutex_lockable_object.rb:47:in `synchronize'
concurrent-ruby (1.1.9) lib/concurrent-ruby/concurrent/synchronization/mutex_lockable_object.rb:47:in `synchronize'
concurrent-ruby (1.1.9) lib/concurrent-ruby/concurrent/executor/safe_task_executor.rb:19:in `execute'
concurrent-ruby (1.1.9) lib/concurrent-ruby/concurrent/promise.rb:564:in `block in realize'
concurrent-ruby (1.1.9) lib/concurrent-ruby/concurrent/executor/ruby_thread_pool_executor.rb:363:in `run_task'
concurrent-ruby (1.1.9) lib/concurrent-ruby/concurrent/executor/ruby_thread_pool_executor.rb:352:in `block (3 levels) in create_worker'
concurrent-ruby (1.1.9) lib/concurrent-ruby/concurrent/executor/ruby_thread_pool_executor.rb:335:in `loop'
concurrent-ruby (1.1.9) lib/concurrent-ruby/concurrent/executor/ruby_thread_pool_executor.rb:335:in `block (2 levels) in create_worker'
concurrent-ruby (1.1.9) lib/concurrent-ruby/concurrent/executor/ruby_thread_pool_executor.rb:334:in `catch'
concurrent-ruby (1.1.9) lib/concurrent-ruby/concurrent/executor/ruby_thread_pool_executor.rb:334:in `block in create_worker'
  [1m[35m (1.4ms)[0m  [1m[34mSELECT sqlite_version(*)[0m
  [1m[36mActiveRecord::SchemaMigration Pluck (0.2ms)[0m  [1m[34mSELECT "schema_migrations"."version" FROM "schema_migrations" ORDER BY "schema_migrations"."version" ASC[0m
  [1m[36mActiveRecord::InternalMetadata Load (2.0ms)[0m  [1m[34mSELECT "ar_internal_metadata".* FROM "ar_internal_metadata" WHERE "ar_internal_metadata"."key" = ? LIMIT ?[0m  [["key", "environment"], ["LIMIT", 1]]
  [1m[35m (0.0ms)[0m  [1m[34mSELECT sqlite_version(*)[0m
  [1m[36mActiveRecord::SchemaMigration Pluck (0.2ms)[0m  [1m[34mSELECT "schema_migrations"."version" FROM "schema_migrations" ORDER BY "schema_migrations"."version" ASC[0m
Started GET "/articles/new" for ::1 at 2022-02-03 14:30:32 -0500
  [1m[35m (2.6ms)[0m  [1m[34mSELECT sqlite_version(*)[0m
  [1m[36mActiveRecord::SchemaMigration Pluck (0.3ms)[0m  [1m[34mSELECT "schema_migrations"."version" FROM "schema_migrations" ORDER BY "schema_migrations"."version" ASC[0m
Processing by ArticlesController#new as HTML
  Rendering layout layouts/application.html.erb
  Rendering articles/new.html.erb within layouts/application
  Rendered articles/new.html.erb within layouts/application (Duration: 42.0ms | Allocations: 7353)
  Rendered layout layouts/application.html.erb (Duration: 327.7ms | Allocations: 34106)
Completed 200 OK in 448ms (Views: 351.8ms | ActiveRecord: 3.8ms | Allocations: 42590)


